{"/Users/cdawgy/final-year/COM667/mhealth-ssd-solution/src/constants/LocalStorageConstants.tsx": {"path":"/Users/cdawgy/final-year/COM667/mhealth-ssd-solution/src/constants/LocalStorageConstants.tsx","statementMap":{"0":{"start":{"line":1,"column":13},"end":{"line":1,"column":40}},"1":{"start":{"line":2,"column":13},"end":{"line":2,"column":51}},"2":{"start":{"line":3,"column":13},"end":{"line":3,"column":38}},"3":{"start":{"line":4,"column":13},"end":{"line":4,"column":42}},"4":{"start":{"line":5,"column":13},"end":{"line":5,"column":66}}},"fnMap":{},"branchMap":{},"s":{"0":4,"1":4,"2":4,"3":4,"4":4},"f":{},"b":{}}
,"/Users/cdawgy/final-year/COM667/mhealth-ssd-solution/src/constants/MenuItemsData.tsx": {"path":"/Users/cdawgy/final-year/COM667/mhealth-ssd-solution/src/constants/MenuItemsData.tsx","statementMap":{"0":{"start":{"line":2,"column":0},"end":{"line":2,"column":73}},"1":{"start":{"line":3,"column":0},"end":{"line":3,"column":71}},"2":{"start":{"line":4,"column":0},"end":{"line":4,"column":61}},"3":{"start":{"line":5,"column":0},"end":{"line":5,"column":71}},"4":{"start":{"line":6,"column":0},"end":{"line":6,"column":67}},"5":{"start":{"line":7,"column":0},"end":{"line":7,"column":49}},"6":{"start":{"line":9,"column":13},"end":{"line":26,"column":2}}},"fnMap":{},"branchMap":{},"s":{"0":1,"1":1,"2":1,"3":1,"4":1,"5":1,"6":1},"f":{},"b":{}}
,"/Users/cdawgy/final-year/COM667/mhealth-ssd-solution/src/utils/AccountUtils.tsx": {"path":"/Users/cdawgy/final-year/COM667/mhealth-ssd-solution/src/utils/AccountUtils.tsx","statementMap":{"0":{"start":{"line":1,"column":0},"end":{"line":1,"column":45}},"1":{"start":{"line":2,"column":0},"end":{"line":2,"column":null}},"2":{"start":{"line":7,"column":0},"end":{"line":7,"column":73}},"3":{"start":{"line":9,"column":0},"end":{"line":9,"column":55}},"4":{"start":{"line":11,"column":0},"end":{"line":11,"column":44}},"5":{"start":{"line":17,"column":35},"end":{"line":25,"column":2}},"6":{"start":{"line":18,"column":18},"end":{"line":25,"column":2}},"7":{"start":{"line":20,"column":30},"end":{"line":22,"column":null}},"8":{"start":{"line":20,"column":8},"end":{"line":22,"column":null}},"9":{"start":{"line":23,"column":8},"end":{"line":23,"column":40}},"10":{"start":{"line":24,"column":2},"end":{"line":24,"column":21}},"11":{"start":{"line":17,"column":13},"end":{"line":17,"column":35}},"12":{"start":{"line":27,"column":42},"end":{"line":34,"column":2}},"13":{"start":{"line":29,"column":18},"end":{"line":34,"column":2}},"14":{"start":{"line":31,"column":8},"end":{"line":31,"column":67}},"15":{"start":{"line":32,"column":30},"end":{"line":32,"column":null}},"16":{"start":{"line":32,"column":8},"end":{"line":32,"column":null}},"17":{"start":{"line":33,"column":2},"end":{"line":33,"column":19}},"18":{"start":{"line":27,"column":13},"end":{"line":27,"column":42}},"19":{"start":{"line":36,"column":31},"end":{"line":45,"column":2}},"20":{"start":{"line":36,"column":54},"end":{"line":45,"column":2}},"21":{"start":{"line":37,"column":15},"end":{"line":41,"column":null}},"22":{"start":{"line":37,"column":8},"end":{"line":41,"column":null}},"23":{"start":{"line":42,"column":2},"end":{"line":42,"column":42}},"24":{"start":{"line":43,"column":8},"end":{"line":43,"column":45}},"25":{"start":{"line":44,"column":2},"end":{"line":44,"column":25}},"26":{"start":{"line":36,"column":13},"end":{"line":36,"column":31}},"27":{"start":{"line":47,"column":39},"end":{"line":50,"column":1}},"28":{"start":{"line":48,"column":30},"end":{"line":48,"column":59}},"29":{"start":{"line":49,"column":2},"end":{"line":49,"column":58}},"30":{"start":{"line":47,"column":13},"end":{"line":47,"column":39}},"31":{"start":{"line":52,"column":27},"end":{"line":54,"column":1}},"32":{"start":{"line":53,"column":2},"end":{"line":53,"column":55}},"33":{"start":{"line":52,"column":13},"end":{"line":52,"column":27}},"34":{"start":{"line":56,"column":24},"end":{"line":58,"column":1}},"35":{"start":{"line":57,"column":2},"end":{"line":57,"column":52}},"36":{"start":{"line":56,"column":13},"end":{"line":56,"column":24}},"37":{"start":{"line":60,"column":23},"end":{"line":62,"column":1}},"38":{"start":{"line":61,"column":2},"end":{"line":61,"column":51}},"39":{"start":{"line":60,"column":13},"end":{"line":60,"column":23}},"40":{"start":{"line":64,"column":29},"end":{"line":83,"column":2}},"41":{"start":{"line":65,"column":25},"end":{"line":83,"column":2}},"42":{"start":{"line":67,"column":8},"end":{"line":67,"column":61}},"43":{"start":{"line":68,"column":8},"end":{"line":75,"column":4}},"44":{"start":{"line":76,"column":8},"end":{"line":76,"column":47}},"45":{"start":{"line":77,"column":28},"end":{"line":81,"column":null}},"46":{"start":{"line":77,"column":6},"end":{"line":81,"column":null}},"47":{"start":{"line":82,"column":2},"end":{"line":82,"column":14}},"48":{"start":{"line":64,"column":13},"end":{"line":64,"column":29}},"49":{"start":{"line":85,"column":32},"end":{"line":93,"column":2}},"50":{"start":{"line":86,"column":8},"end":{"line":86,"column":46}},"51":{"start":{"line":87,"column":15},"end":{"line":91,"column":null}},"52":{"start":{"line":87,"column":8},"end":{"line":91,"column":null}},"53":{"start":{"line":92,"column":2},"end":{"line":92,"column":19}},"54":{"start":{"line":85,"column":13},"end":{"line":85,"column":32}},"55":{"start":{"line":95,"column":47},"end":{"line":105,"column":2}},"56":{"start":{"line":98,"column":27},"end":{"line":98,"column":null}},"57":{"start":{"line":98,"column":8},"end":{"line":98,"column":null}},"58":{"start":{"line":99,"column":2},"end":{"line":104,"column":5}},"59":{"start":{"line":100,"column":4},"end":{"line":103,"column":6}},"60":{"start":{"line":95,"column":13},"end":{"line":95,"column":47}},"61":{"start":{"line":107,"column":30},"end":{"line":118,"column":2}},"62":{"start":{"line":108,"column":8},"end":{"line":108,"column":48}},"63":{"start":{"line":109,"column":38},"end":{"line":116,"column":null}},"64":{"start":{"line":109,"column":8},"end":{"line":116,"column":null}},"65":{"start":{"line":117,"column":2},"end":{"line":117,"column":19}},"66":{"start":{"line":107,"column":13},"end":{"line":107,"column":30}}},"fnMap":{"0":{"name":"(anonymous_14)","decl":{"start":{"line":17,"column":35},"end":{"line":17,"column":null}},"loc":{"start":{"line":18,"column":18},"end":{"line":25,"column":2}}},"1":{"name":"(anonymous_15)","decl":{"start":{"line":18,"column":18},"end":{"line":18,"column":null}},"loc":{"start":{"line":18,"column":18},"end":{"line":25,"column":2}}},"2":{"name":"(anonymous_17)","decl":{"start":{"line":27,"column":42},"end":{"line":27,"column":null}},"loc":{"start":{"line":29,"column":18},"end":{"line":34,"column":2}}},"3":{"name":"(anonymous_18)","decl":{"start":{"line":29,"column":18},"end":{"line":29,"column":null}},"loc":{"start":{"line":29,"column":18},"end":{"line":34,"column":2}}},"4":{"name":"(anonymous_20)","decl":{"start":{"line":36,"column":31},"end":{"line":36,"column":38}},"loc":{"start":{"line":36,"column":54},"end":{"line":45,"column":2}}},"5":{"name":"(anonymous_21)","decl":{"start":{"line":36,"column":54},"end":{"line":36,"column":null}},"loc":{"start":{"line":36,"column":54},"end":{"line":45,"column":2}}},"6":{"name":"(anonymous_23)","decl":{"start":{"line":47,"column":39},"end":{"line":47,"column":null}},"loc":{"start":{"line":47,"column":39},"end":{"line":50,"column":1}}},"7":{"name":"(anonymous_24)","decl":{"start":{"line":52,"column":27},"end":{"line":52,"column":null}},"loc":{"start":{"line":52,"column":27},"end":{"line":54,"column":1}}},"8":{"name":"(anonymous_25)","decl":{"start":{"line":56,"column":24},"end":{"line":56,"column":null}},"loc":{"start":{"line":56,"column":24},"end":{"line":58,"column":1}}},"9":{"name":"(anonymous_26)","decl":{"start":{"line":60,"column":23},"end":{"line":60,"column":null}},"loc":{"start":{"line":60,"column":23},"end":{"line":62,"column":1}}},"10":{"name":"(anonymous_27)","decl":{"start":{"line":64,"column":29},"end":{"line":64,"column":null}},"loc":{"start":{"line":65,"column":25},"end":{"line":83,"column":2}}},"11":{"name":"(anonymous_28)","decl":{"start":{"line":65,"column":25},"end":{"line":65,"column":null}},"loc":{"start":{"line":65,"column":25},"end":{"line":83,"column":2}}},"12":{"name":"(anonymous_30)","decl":{"start":{"line":85,"column":32},"end":{"line":85,"column":null}},"loc":{"start":{"line":85,"column":32},"end":{"line":93,"column":2}}},"13":{"name":"(anonymous_33)","decl":{"start":{"line":95,"column":47},"end":{"line":95,"column":null}},"loc":{"start":{"line":95,"column":47},"end":{"line":105,"column":2}}},"14":{"name":"(anonymous_36)","decl":{"start":{"line":99,"column":30},"end":{"line":99,"column":31}},"loc":{"start":{"line":99,"column":40},"end":{"line":104,"column":3}}},"15":{"name":"(anonymous_37)","decl":{"start":{"line":107,"column":30},"end":{"line":107,"column":null}},"loc":{"start":{"line":107,"column":30},"end":{"line":118,"column":2}}}},"branchMap":{"0":{"loc":{"start":{"line":20,"column":30},"end":{"line":22,"column":null}},"type":"switch","locations":[{"start":{"line":20,"column":30},"end":{"line":22,"column":null}}]},"1":{"loc":{"start":{"line":37,"column":15},"end":{"line":41,"column":null}},"type":"switch","locations":[{"start":{"line":37,"column":15},"end":{"line":41,"column":null}}]},"2":{"loc":{"start":{"line":98,"column":27},"end":{"line":98,"column":null}},"type":"switch","locations":[{"start":{"line":98,"column":27},"end":{"line":98,"column":null}}]}},"s":{"0":1,"1":1,"2":1,"3":1,"4":1,"5":1,"6":1,"7":1,"8":1,"9":1,"10":1,"11":1,"12":1,"13":1,"14":1,"15":1,"16":1,"17":1,"18":1,"19":1,"20":1,"21":1,"22":1,"23":1,"24":1,"25":1,"26":1,"27":1,"28":1,"29":1,"30":1,"31":1,"32":1,"33":1,"34":1,"35":1,"36":1,"37":1,"38":1,"39":1,"40":1,"41":1,"42":1,"43":1,"44":1,"45":1,"46":1,"47":1,"48":1,"49":3,"50":2,"51":2,"52":2,"53":2,"54":1,"55":2,"56":1,"57":1,"58":1,"59":1,"60":1,"61":2,"62":1,"63":1,"64":1,"65":1,"66":1},"f":{"0":1,"1":1,"2":1,"3":1,"4":1,"5":1,"6":1,"7":1,"8":1,"9":1,"10":1,"11":1,"12":4,"13":2,"14":1,"15":2},"b":{"0":[1],"1":[1],"2":[1]}}
,"/Users/cdawgy/final-year/COM667/mhealth-ssd-solution/src/utils/AuthTokenUtils.tsx": {"path":"/Users/cdawgy/final-year/COM667/mhealth-ssd-solution/src/utils/AuthTokenUtils.tsx","statementMap":{"0":{"start":{"line":1,"column":30},"end":{"line":5,"column":1}},"1":{"start":{"line":2,"column":21},"end":{"line":2,"column":53}},"2":{"start":{"line":3,"column":22},"end":{"line":3,"column":32}},"3":{"start":{"line":4,"column":2},"end":{"line":4,"column":35}},"4":{"start":{"line":1,"column":13},"end":{"line":1,"column":30}}},"fnMap":{"0":{"name":"(anonymous_0)","decl":{"start":{"line":1,"column":30},"end":{"line":1,"column":31}},"loc":{"start":{"line":1,"column":54},"end":{"line":5,"column":1}}}},"branchMap":{},"s":{"0":1,"1":1,"2":1,"3":1,"4":1},"f":{"0":1},"b":{}}
,"/Users/cdawgy/final-year/COM667/mhealth-ssd-solution/src/utils/AwardUtils.tsx": {"path":"/Users/cdawgy/final-year/COM667/mhealth-ssd-solution/src/utils/AwardUtils.tsx","statementMap":{"0":{"start":{"line":1,"column":0},"end":{"line":1,"column":45}},"1":{"start":{"line":2,"column":0},"end":{"line":2,"column":44}},"2":{"start":{"line":3,"column":0},"end":{"line":3,"column":54}},"3":{"start":{"line":4,"column":0},"end":{"line":4,"column":null}},"4":{"start":{"line":11,"column":27},"end":{"line":24,"column":2}},"5":{"start":{"line":12,"column":15},"end":{"line":22,"column":null}},"6":{"start":{"line":12,"column":8},"end":{"line":22,"column":null}},"7":{"start":{"line":23,"column":2},"end":{"line":23,"column":19}},"8":{"start":{"line":11,"column":13},"end":{"line":11,"column":27}},"9":{"start":{"line":27,"column":27},"end":{"line":46,"column":2}},"10":{"start":{"line":29,"column":21},"end":{"line":46,"column":2}},"11":{"start":{"line":31,"column":30},"end":{"line":43,"column":null}},"12":{"start":{"line":31,"column":8},"end":{"line":43,"column":null}},"13":{"start":{"line":45,"column":2},"end":{"line":45,"column":21}},"14":{"start":{"line":27,"column":13},"end":{"line":27,"column":27}},"15":{"start":{"line":48,"column":35},"end":{"line":59,"column":1}},"16":{"start":{"line":49,"column":2},"end":{"line":58,"column":null}},"17":{"start":{"line":51,"column":6},"end":{"line":51,"column":70}},"18":{"start":{"line":53,"column":6},"end":{"line":53,"column":70}},"19":{"start":{"line":55,"column":6},"end":{"line":55,"column":70}},"20":{"start":{"line":57,"column":6},"end":{"line":57,"column":70}},"21":{"start":{"line":48,"column":13},"end":{"line":48,"column":35}}},"fnMap":{"0":{"name":"(anonymous_14)","decl":{"start":{"line":11,"column":27},"end":{"line":11,"column":null}},"loc":{"start":{"line":11,"column":27},"end":{"line":24,"column":2}}},"1":{"name":"(anonymous_17)","decl":{"start":{"line":27,"column":27},"end":{"line":27,"column":null}},"loc":{"start":{"line":29,"column":21},"end":{"line":46,"column":2}}},"2":{"name":"(anonymous_18)","decl":{"start":{"line":29,"column":21},"end":{"line":29,"column":null}},"loc":{"start":{"line":29,"column":21},"end":{"line":46,"column":2}}},"3":{"name":"(anonymous_20)","decl":{"start":{"line":48,"column":35},"end":{"line":48,"column":36}},"loc":{"start":{"line":48,"column":53},"end":{"line":59,"column":1}}}},"branchMap":{"0":{"loc":{"start":{"line":12,"column":15},"end":{"line":22,"column":null}},"type":"switch","locations":[{"start":{"line":12,"column":15},"end":{"line":22,"column":null}}]},"1":{"loc":{"start":{"line":31,"column":30},"end":{"line":43,"column":null}},"type":"switch","locations":[{"start":{"line":31,"column":30},"end":{"line":43,"column":null}}]},"2":{"loc":{"start":{"line":49,"column":2},"end":{"line":58,"column":null}},"type":"switch","locations":[{"start":{"line":50,"column":4},"end":{"line":51,"column":70}},{"start":{"line":52,"column":4},"end":{"line":53,"column":70}},{"start":{"line":54,"column":4},"end":{"line":55,"column":70}},{"start":{"line":56,"column":4},"end":{"line":57,"column":70}}]}},"s":{"0":1,"1":1,"2":1,"3":1,"4":2,"5":1,"6":1,"7":1,"8":1,"9":1,"10":1,"11":1,"12":1,"13":1,"14":1,"15":1,"16":4,"17":1,"18":1,"19":1,"20":1,"21":1},"f":{"0":2,"1":1,"2":1,"3":4},"b":{"0":[1],"1":[1],"2":[1,1,1,1]}}
,"/Users/cdawgy/final-year/COM667/mhealth-ssd-solution/src/utils/BaseUrlUtils.tsx": {"path":"/Users/cdawgy/final-year/COM667/mhealth-ssd-solution/src/utils/BaseUrlUtils.tsx","statementMap":{"0":{"start":{"line":1,"column":26},"end":{"line":8,"column":1}},"1":{"start":{"line":3,"column":4},"end":{"line":5,"column":33}},"2":{"start":{"line":7,"column":2},"end":{"line":7,"column":48}},"3":{"start":{"line":1,"column":13},"end":{"line":1,"column":26}},"4":{"start":{"line":10,"column":17},"end":{"line":13,"column":2}}},"fnMap":{"0":{"name":"(anonymous_0)","decl":{"start":{"line":1,"column":26},"end":{"line":1,"column":null}},"loc":{"start":{"line":1,"column":26},"end":{"line":8,"column":1}}}},"branchMap":{"0":{"loc":{"start":{"line":3,"column":4},"end":{"line":5,"column":33}},"type":"cond-expr","locations":[{"start":{"line":4,"column":8},"end":{"line":4,"column":15}},{"start":{"line":5,"column":8},"end":{"line":5,"column":33}}]}},"s":{"0":5,"1":21,"2":21,"3":5,"4":5},"f":{"0":21},"b":{"0":[0,21]}}
,"/Users/cdawgy/final-year/COM667/mhealth-ssd-solution/src/utils/CustomWordUtils.tsx": {"path":"/Users/cdawgy/final-year/COM667/mhealth-ssd-solution/src/utils/CustomWordUtils.tsx","statementMap":{"0":{"start":{"line":1,"column":0},"end":{"line":1,"column":45}},"1":{"start":{"line":2,"column":0},"end":{"line":2,"column":44}},"2":{"start":{"line":6,"column":33},"end":{"line":27,"column":2}},"3":{"start":{"line":7,"column":40},"end":{"line":14,"column":null}},"4":{"start":{"line":7,"column":8},"end":{"line":14,"column":null}},"5":{"start":{"line":16,"column":2},"end":{"line":26,"column":5}},"6":{"start":{"line":17,"column":4},"end":{"line":25,"column":10}},"7":{"start":{"line":6,"column":13},"end":{"line":6,"column":33}},"8":{"start":{"line":29,"column":36},"end":{"line":44,"column":2}},"9":{"start":{"line":30,"column":18},"end":{"line":44,"column":2}},"10":{"start":{"line":32,"column":38},"end":{"line":39,"column":null}},"11":{"start":{"line":32,"column":8},"end":{"line":39,"column":null}},"12":{"start":{"line":41,"column":2},"end":{"line":43,"column":5}},"13":{"start":{"line":42,"column":4},"end":{"line":42,"column":59}},"14":{"start":{"line":29,"column":13},"end":{"line":29,"column":36}},"15":{"start":{"line":46,"column":33},"end":{"line":62,"column":2}},"16":{"start":{"line":47,"column":40},"end":{"line":54,"column":null}},"17":{"start":{"line":47,"column":8},"end":{"line":54,"column":null}},"18":{"start":{"line":56,"column":2},"end":{"line":61,"column":5}},"19":{"start":{"line":57,"column":4},"end":{"line":60,"column":6}},"20":{"start":{"line":46,"column":13},"end":{"line":46,"column":33}},"21":{"start":{"line":64,"column":28},"end":{"line":66,"column":1}},"22":{"start":{"line":65,"column":2},"end":{"line":65,"column":44}},"23":{"start":{"line":68,"column":38},"end":{"line":87,"column":2}},"24":{"start":{"line":69,"column":21},"end":{"line":87,"column":2}},"25":{"start":{"line":71,"column":8},"end":{"line":71,"column":67}},"26":{"start":{"line":72,"column":40},"end":{"line":79,"column":null}},"27":{"start":{"line":72,"column":8},"end":{"line":79,"column":null}},"28":{"start":{"line":81,"column":2},"end":{"line":86,"column":5}},"29":{"start":{"line":82,"column":4},"end":{"line":85,"column":6}},"30":{"start":{"line":68,"column":13},"end":{"line":68,"column":38}},"31":{"start":{"line":89,"column":34},"end":{"line":105,"column":2}},"32":{"start":{"line":91,"column":20},"end":{"line":105,"column":2}},"33":{"start":{"line":93,"column":8},"end":{"line":93,"column":67}},"34":{"start":{"line":94,"column":8},"end":{"line":94,"column":65}},"35":{"start":{"line":95,"column":63},"end":{"line":102,"column":null}},"36":{"start":{"line":95,"column":8},"end":{"line":102,"column":null}},"37":{"start":{"line":104,"column":2},"end":{"line":104,"column":19}},"38":{"start":{"line":89,"column":13},"end":{"line":89,"column":34}}},"fnMap":{"0":{"name":"(anonymous_14)","decl":{"start":{"line":6,"column":33},"end":{"line":6,"column":null}},"loc":{"start":{"line":6,"column":33},"end":{"line":27,"column":2}}},"1":{"name":"(anonymous_17)","decl":{"start":{"line":16,"column":23},"end":{"line":16,"column":24}},"loc":{"start":{"line":16,"column":32},"end":{"line":26,"column":3}}},"2":{"name":"(anonymous_18)","decl":{"start":{"line":29,"column":36},"end":{"line":29,"column":null}},"loc":{"start":{"line":30,"column":18},"end":{"line":44,"column":2}}},"3":{"name":"(anonymous_19)","decl":{"start":{"line":30,"column":18},"end":{"line":30,"column":null}},"loc":{"start":{"line":30,"column":18},"end":{"line":44,"column":2}}},"4":{"name":"(anonymous_21)","decl":{"start":{"line":41,"column":23},"end":{"line":41,"column":24}},"loc":{"start":{"line":41,"column":28},"end":{"line":43,"column":3}}},"5":{"name":"(anonymous_22)","decl":{"start":{"line":46,"column":33},"end":{"line":46,"column":null}},"loc":{"start":{"line":46,"column":33},"end":{"line":62,"column":2}}},"6":{"name":"(anonymous_25)","decl":{"start":{"line":56,"column":23},"end":{"line":56,"column":24}},"loc":{"start":{"line":56,"column":32},"end":{"line":61,"column":3}}},"7":{"name":"(anonymous_26)","decl":{"start":{"line":64,"column":28},"end":{"line":64,"column":29}},"loc":{"start":{"line":64,"column":48},"end":{"line":66,"column":1}}},"8":{"name":"(anonymous_27)","decl":{"start":{"line":68,"column":38},"end":{"line":68,"column":null}},"loc":{"start":{"line":69,"column":21},"end":{"line":87,"column":2}}},"9":{"name":"(anonymous_28)","decl":{"start":{"line":69,"column":21},"end":{"line":69,"column":null}},"loc":{"start":{"line":69,"column":21},"end":{"line":87,"column":2}}},"10":{"name":"(anonymous_30)","decl":{"start":{"line":81,"column":23},"end":{"line":81,"column":24}},"loc":{"start":{"line":81,"column":41},"end":{"line":86,"column":3}}},"11":{"name":"(anonymous_31)","decl":{"start":{"line":89,"column":34},"end":{"line":89,"column":null}},"loc":{"start":{"line":91,"column":20},"end":{"line":105,"column":2}}},"12":{"name":"(anonymous_32)","decl":{"start":{"line":91,"column":20},"end":{"line":91,"column":null}},"loc":{"start":{"line":91,"column":20},"end":{"line":105,"column":2}}}},"branchMap":{"0":{"loc":{"start":{"line":7,"column":40},"end":{"line":14,"column":null}},"type":"switch","locations":[{"start":{"line":7,"column":40},"end":{"line":14,"column":null}}]},"1":{"loc":{"start":{"line":17,"column":11},"end":{"line":25,"column":10}},"type":"cond-expr","locations":[{"start":{"line":18,"column":8},"end":{"line":21,"column":null}},{"start":{"line":22,"column":8},"end":{"line":25,"column":10}}]},"2":{"loc":{"start":{"line":32,"column":38},"end":{"line":39,"column":null}},"type":"switch","locations":[{"start":{"line":32,"column":38},"end":{"line":39,"column":null}}]},"3":{"loc":{"start":{"line":47,"column":40},"end":{"line":54,"column":null}},"type":"switch","locations":[{"start":{"line":47,"column":40},"end":{"line":54,"column":null}}]}},"s":{"0":1,"1":1,"2":2,"3":1,"4":1,"5":1,"6":2,"7":1,"8":1,"9":1,"10":1,"11":1,"12":1,"13":1,"14":1,"15":2,"16":1,"17":1,"18":1,"19":1,"20":1,"21":1,"22":3,"23":1,"24":1,"25":1,"26":1,"27":1,"28":1,"29":1,"30":1,"31":1,"32":1,"33":1,"34":1,"35":1,"36":1,"37":1,"38":1},"f":{"0":2,"1":2,"2":1,"3":1,"4":1,"5":2,"6":1,"7":3,"8":1,"9":1,"10":1,"11":1,"12":1},"b":{"0":[1],"1":[1,1],"2":[1],"3":[1]}}
,"/Users/cdawgy/final-year/COM667/mhealth-ssd-solution/src/utils/LocalStorageUtils.tsx": {"path":"/Users/cdawgy/final-year/COM667/mhealth-ssd-solution/src/utils/LocalStorageUtils.tsx","statementMap":{"0":{"start":{"line":1,"column":33},"end":{"line":4,"column":1}},"1":{"start":{"line":2,"column":28},"end":{"line":2,"column":49}},"2":{"start":{"line":3,"column":2},"end":{"line":3,"column":47}},"3":{"start":{"line":1,"column":13},"end":{"line":1,"column":33}},"4":{"start":{"line":6,"column":31},"end":{"line":9,"column":1}},"5":{"start":{"line":7,"column":20},"end":{"line":7,"column":45}},"6":{"start":{"line":8,"column":2},"end":{"line":8,"column":64}},"7":{"start":{"line":6,"column":13},"end":{"line":6,"column":31}}},"fnMap":{"0":{"name":"(anonymous_0)","decl":{"start":{"line":1,"column":33},"end":{"line":1,"column":34}},"loc":{"start":{"line":1,"column":57},"end":{"line":4,"column":1}}},"1":{"name":"(anonymous_1)","decl":{"start":{"line":6,"column":31},"end":{"line":6,"column":32}},"loc":{"start":{"line":6,"column":43},"end":{"line":9,"column":1}}}},"branchMap":{"0":{"loc":{"start":{"line":8,"column":9},"end":{"line":8,"column":63}},"type":"cond-expr","locations":[{"start":{"line":8,"column":30},"end":{"line":8,"column":51}},{"start":{"line":8,"column":54},"end":{"line":8,"column":63}}]}},"s":{"0":1,"1":1,"2":1,"3":1,"4":1,"5":1,"6":0,"7":1},"f":{"0":1,"1":1},"b":{"0":[0,0]}}
,"/Users/cdawgy/final-year/COM667/mhealth-ssd-solution/src/utils/LoginValidationUtils.tsx": {"path":"/Users/cdawgy/final-year/COM667/mhealth-ssd-solution/src/utils/LoginValidationUtils.tsx","statementMap":{"0":{"start":{"line":1,"column":0},"end":{"line":1,"column":65}},"1":{"start":{"line":3,"column":0},"end":{"line":3,"column":50}},"2":{"start":{"line":4,"column":0},"end":{"line":4,"column":54}},"3":{"start":{"line":6,"column":30},"end":{"line":17,"column":1}},"4":{"start":{"line":7,"column":39},"end":{"line":7,"column":67}},"5":{"start":{"line":8,"column":2},"end":{"line":10,"column":null}},"6":{"start":{"line":9,"column":4},"end":{"line":9,"column":17}},"7":{"start":{"line":12,"column":2},"end":{"line":14,"column":null}},"8":{"start":{"line":13,"column":4},"end":{"line":13,"column":17}},"9":{"start":{"line":16,"column":2},"end":{"line":16,"column":14}},"10":{"start":{"line":6,"column":13},"end":{"line":6,"column":30}},"11":{"start":{"line":19,"column":31},"end":{"line":21,"column":1}},"12":{"start":{"line":20,"column":2},"end":{"line":20,"column":58}},"13":{"start":{"line":19,"column":13},"end":{"line":19,"column":31}}},"fnMap":{"0":{"name":"(anonymous_0)","decl":{"start":{"line":6,"column":30},"end":{"line":6,"column":null}},"loc":{"start":{"line":6,"column":30},"end":{"line":17,"column":1}}},"1":{"name":"(anonymous_1)","decl":{"start":{"line":19,"column":31},"end":{"line":19,"column":32}},"loc":{"start":{"line":19,"column":52},"end":{"line":21,"column":1}}}},"branchMap":{"0":{"loc":{"start":{"line":8,"column":2},"end":{"line":10,"column":null}},"type":"if","locations":[{"start":{"line":8,"column":2},"end":{"line":10,"column":null}}]},"1":{"loc":{"start":{"line":8,"column":6},"end":{"line":8,"column":55}},"type":"binary-expr","locations":[{"start":{"line":8,"column":6},"end":{"line":8,"column":31}},{"start":{"line":8,"column":35},"end":{"line":8,"column":55}}]},"2":{"loc":{"start":{"line":12,"column":2},"end":{"line":14,"column":null}},"type":"if","locations":[{"start":{"line":12,"column":2},"end":{"line":14,"column":null}}]}},"s":{"0":1,"1":1,"2":1,"3":1,"4":4,"5":4,"6":2,"7":2,"8":1,"9":1,"10":1,"11":1,"12":0,"13":1},"f":{"0":4,"1":0},"b":{"0":[2],"1":[4,3],"2":[1]}}
,"/Users/cdawgy/final-year/COM667/mhealth-ssd-solution/src/utils/MessageUtils.tsx": {"path":"/Users/cdawgy/final-year/COM667/mhealth-ssd-solution/src/utils/MessageUtils.tsx","statementMap":{"0":{"start":{"line":1,"column":0},"end":{"line":1,"column":45}},"1":{"start":{"line":2,"column":0},"end":{"line":2,"column":44}},"2":{"start":{"line":4,"column":0},"end":{"line":4,"column":52}},"3":{"start":{"line":6,"column":0},"end":{"line":6,"column":54}},"4":{"start":{"line":7,"column":0},"end":{"line":7,"column":79}},"5":{"start":{"line":12,"column":37},"end":{"line":24,"column":2}},"6":{"start":{"line":13,"column":30},"end":{"line":21,"column":null}},"7":{"start":{"line":13,"column":8},"end":{"line":21,"column":null}},"8":{"start":{"line":23,"column":2},"end":{"line":23,"column":19}},"9":{"start":{"line":26,"column":45},"end":{"line":36,"column":2}},"10":{"start":{"line":29,"column":32},"end":{"line":29,"column":null}},"11":{"start":{"line":29,"column":8},"end":{"line":29,"column":null}},"12":{"start":{"line":30,"column":2},"end":{"line":35,"column":5}},"13":{"start":{"line":31,"column":4},"end":{"line":34,"column":6}},"14":{"start":{"line":26,"column":13},"end":{"line":26,"column":45}},"15":{"start":{"line":38,"column":43},"end":{"line":45,"column":2}},"16":{"start":{"line":41,"column":31},"end":{"line":41,"column":null}},"17":{"start":{"line":41,"column":8},"end":{"line":41,"column":null}},"18":{"start":{"line":42,"column":2},"end":{"line":44,"column":5}},"19":{"start":{"line":43,"column":4},"end":{"line":43,"column":68}},"20":{"start":{"line":38,"column":13},"end":{"line":38,"column":43}},"21":{"start":{"line":47,"column":35},"end":{"line":55,"column":2}},"22":{"start":{"line":48,"column":22},"end":{"line":55,"column":2}},"23":{"start":{"line":50,"column":9},"end":{"line":54,"column":5}},"24":{"start":{"line":50,"column":2},"end":{"line":54,"column":5}},"25":{"start":{"line":47,"column":13},"end":{"line":47,"column":35}},"26":{"start":{"line":57,"column":37},"end":{"line":69,"column":2}},"27":{"start":{"line":58,"column":8},"end":{"line":58,"column":63}},"28":{"start":{"line":59,"column":30},"end":{"line":66,"column":null}},"29":{"start":{"line":59,"column":8},"end":{"line":66,"column":null}},"30":{"start":{"line":68,"column":2},"end":{"line":68,"column":19}},"31":{"start":{"line":57,"column":13},"end":{"line":57,"column":37}},"32":{"start":{"line":71,"column":36},"end":{"line":77,"column":2}},"33":{"start":{"line":71,"column":60},"end":{"line":77,"column":2}},"34":{"start":{"line":72,"column":2},"end":{"line":76,"column":5}},"35":{"start":{"line":71,"column":13},"end":{"line":71,"column":36}},"36":{"start":{"line":79,"column":32},"end":{"line":92,"column":2}},"37":{"start":{"line":80,"column":19},"end":{"line":92,"column":2}},"38":{"start":{"line":82,"column":43},"end":{"line":89,"column":null}},"39":{"start":{"line":82,"column":8},"end":{"line":89,"column":null}},"40":{"start":{"line":91,"column":2},"end":{"line":91,"column":19}},"41":{"start":{"line":79,"column":13},"end":{"line":79,"column":32}}},"fnMap":{"0":{"name":"(anonymous_14)","decl":{"start":{"line":12,"column":37},"end":{"line":12,"column":null}},"loc":{"start":{"line":12,"column":37},"end":{"line":24,"column":2}}},"1":{"name":"(anonymous_17)","decl":{"start":{"line":26,"column":45},"end":{"line":26,"column":null}},"loc":{"start":{"line":26,"column":45},"end":{"line":36,"column":2}}},"2":{"name":"(anonymous_20)","decl":{"start":{"line":30,"column":25},"end":{"line":30,"column":26}},"loc":{"start":{"line":30,"column":32},"end":{"line":35,"column":3}}},"3":{"name":"(anonymous_21)","decl":{"start":{"line":38,"column":43},"end":{"line":38,"column":null}},"loc":{"start":{"line":38,"column":43},"end":{"line":45,"column":2}}},"4":{"name":"(anonymous_24)","decl":{"start":{"line":42,"column":22},"end":{"line":42,"column":23}},"loc":{"start":{"line":42,"column":31},"end":{"line":44,"column":3}}},"5":{"name":"(anonymous_25)","decl":{"start":{"line":47,"column":35},"end":{"line":47,"column":null}},"loc":{"start":{"line":48,"column":22},"end":{"line":55,"column":2}}},"6":{"name":"(anonymous_26)","decl":{"start":{"line":48,"column":22},"end":{"line":48,"column":null}},"loc":{"start":{"line":48,"column":22},"end":{"line":55,"column":2}}},"7":{"name":"(anonymous_28)","decl":{"start":{"line":57,"column":37},"end":{"line":57,"column":null}},"loc":{"start":{"line":57,"column":37},"end":{"line":69,"column":2}}},"8":{"name":"(anonymous_31)","decl":{"start":{"line":71,"column":36},"end":{"line":71,"column":43}},"loc":{"start":{"line":71,"column":60},"end":{"line":77,"column":2}}},"9":{"name":"(anonymous_32)","decl":{"start":{"line":71,"column":60},"end":{"line":71,"column":null}},"loc":{"start":{"line":71,"column":60},"end":{"line":77,"column":2}}},"10":{"name":"(anonymous_34)","decl":{"start":{"line":79,"column":32},"end":{"line":79,"column":null}},"loc":{"start":{"line":80,"column":19},"end":{"line":92,"column":2}}},"11":{"name":"(anonymous_35)","decl":{"start":{"line":80,"column":19},"end":{"line":80,"column":null}},"loc":{"start":{"line":80,"column":19},"end":{"line":92,"column":2}}}},"branchMap":{"0":{"loc":{"start":{"line":13,"column":30},"end":{"line":21,"column":null}},"type":"switch","locations":[{"start":{"line":13,"column":30},"end":{"line":21,"column":null}}]},"1":{"loc":{"start":{"line":29,"column":32},"end":{"line":29,"column":null}},"type":"switch","locations":[{"start":{"line":29,"column":32},"end":{"line":29,"column":null}}]},"2":{"loc":{"start":{"line":41,"column":31},"end":{"line":41,"column":null}},"type":"switch","locations":[{"start":{"line":41,"column":31},"end":{"line":41,"column":null}}]},"3":{"loc":{"start":{"line":50,"column":9},"end":{"line":54,"column":5}},"type":"switch","locations":[{"start":{"line":50,"column":9},"end":{"line":54,"column":5}},{"start":{"line":50,"column":2},"end":{"line":54,"column":5}}]},"4":{"loc":{"start":{"line":72,"column":2},"end":{"line":76,"column":5}},"type":"switch","locations":[{"start":{"line":72,"column":2},"end":{"line":76,"column":5}}]},"5":{"loc":{"start":{"line":82,"column":43},"end":{"line":89,"column":null}},"type":"switch","locations":[{"start":{"line":82,"column":43},"end":{"line":89,"column":null}}]}},"s":{"0":1,"1":1,"2":1,"3":1,"4":1,"5":2,"6":1,"7":1,"8":1,"9":2,"10":1,"11":1,"12":1,"13":1,"14":1,"15":2,"16":1,"17":1,"18":1,"19":1,"20":1,"21":1,"22":1,"23":1,"24":1,"25":1,"26":2,"27":1,"28":1,"29":1,"30":1,"31":1,"32":1,"33":1,"34":2,"35":1,"36":1,"37":1,"38":1,"39":1,"40":1,"41":1},"f":{"0":2,"1":2,"2":1,"3":2,"4":1,"5":1,"6":1,"7":2,"8":1,"9":1,"10":1,"11":1},"b":{"0":[1],"1":[1],"2":[1],"3":[1,1],"4":[1],"5":[1]}}
}
