TN:
SF:src/constants/LocalStorageConstants.tsx
FNF:0
FNH:0
DA:1,2
DA:2,2
DA:3,2
DA:4,2
DA:5,2
LF:5
LH:5
BRF:0
BRH:0
end_of_record
TN:
SF:src/constants/MenuItemsData.tsx
FNF:0
FNH:0
DA:2,1
DA:3,1
DA:4,1
DA:5,1
DA:6,1
DA:7,1
DA:9,1
LF:7
LH:7
BRF:0
BRH:0
end_of_record
TN:
SF:src/utils/AccountUtils.tsx
FN:17,(anonymous_14)
FN:18,(anonymous_15)
FN:27,(anonymous_17)
FN:29,(anonymous_18)
FN:36,(anonymous_20)
FN:36,(anonymous_21)
FN:47,(anonymous_23)
FN:52,(anonymous_24)
FN:56,(anonymous_25)
FN:60,(anonymous_26)
FN:64,(anonymous_27)
FN:65,(anonymous_28)
FN:85,(anonymous_30)
FN:95,(anonymous_33)
FN:99,(anonymous_36)
FN:107,(anonymous_37)
FNF:16
FNH:16
FNDA:1,(anonymous_14)
FNDA:1,(anonymous_15)
FNDA:1,(anonymous_17)
FNDA:1,(anonymous_18)
FNDA:1,(anonymous_20)
FNDA:1,(anonymous_21)
FNDA:1,(anonymous_23)
FNDA:1,(anonymous_24)
FNDA:1,(anonymous_25)
FNDA:1,(anonymous_26)
FNDA:1,(anonymous_27)
FNDA:1,(anonymous_28)
FNDA:4,(anonymous_30)
FNDA:2,(anonymous_33)
FNDA:1,(anonymous_36)
FNDA:2,(anonymous_37)
DA:1,1
DA:2,1
DA:7,1
DA:9,1
DA:11,1
DA:17,1
DA:18,1
DA:20,1
DA:23,1
DA:24,1
DA:27,1
DA:29,1
DA:31,1
DA:32,1
DA:33,1
DA:36,1
DA:37,1
DA:42,1
DA:43,1
DA:44,1
DA:47,1
DA:48,1
DA:49,1
DA:52,1
DA:53,1
DA:56,1
DA:57,1
DA:60,1
DA:61,1
DA:64,1
DA:65,1
DA:67,1
DA:68,1
DA:76,1
DA:77,1
DA:82,1
DA:85,3
DA:86,2
DA:87,2
DA:92,2
DA:95,2
DA:98,1
DA:99,1
DA:100,1
DA:107,2
DA:108,1
DA:109,1
DA:117,1
LF:48
LH:48
BRDA:20,0,0,1
BRDA:37,1,0,1
BRDA:98,2,0,1
BRF:3
BRH:3
end_of_record
TN:
SF:src/utils/AuthTokenUtils.tsx
FN:1,(anonymous_0)
FNF:1
FNH:1
FNDA:1,(anonymous_0)
DA:1,1
DA:2,1
DA:3,1
DA:4,1
LF:4
LH:4
BRF:0
BRH:0
end_of_record
TN:
SF:src/utils/AwardUtils.tsx
FN:11,(anonymous_14)
FN:27,(anonymous_17)
FN:29,(anonymous_18)
FN:48,(anonymous_20)
FNF:4
FNH:1
FNDA:2,(anonymous_14)
FNDA:0,(anonymous_17)
FNDA:0,(anonymous_18)
FNDA:0,(anonymous_20)
DA:1,1
DA:2,1
DA:3,1
DA:4,1
DA:11,2
DA:12,1
DA:23,1
DA:27,1
DA:29,0
DA:31,0
DA:45,0
DA:48,1
DA:49,0
DA:51,0
DA:53,0
DA:55,0
DA:57,0
LF:17
LH:9
BRDA:12,0,0,1
BRDA:31,1,0,0
BRDA:49,2,0,0
BRDA:49,2,1,0
BRDA:49,2,2,0
BRDA:49,2,3,0
BRF:6
BRH:1
end_of_record
TN:
SF:src/utils/BaseUrlUtils.tsx
FN:1,(anonymous_0)
FNF:1
FNH:1
FNDA:8,(anonymous_0)
DA:1,2
DA:3,8
DA:7,8
DA:10,2
LF:4
LH:4
BRDA:3,0,0,0
BRDA:3,0,1,8
BRF:2
BRH:1
end_of_record
