TN:
SF:src/constants/LocalStorageConstants.tsx
FNF:0
FNH:0
DA:1,4
DA:2,4
DA:3,4
DA:4,4
DA:5,4
LF:5
LH:5
BRF:0
BRH:0
end_of_record
TN:
SF:src/constants/MenuItemsData.tsx
FNF:0
FNH:0
DA:2,1
DA:3,1
DA:4,1
DA:5,1
DA:6,1
DA:7,1
DA:9,1
LF:7
LH:7
BRF:0
BRH:0
end_of_record
TN:
SF:src/utils/AccountUtils.tsx
FN:17,(anonymous_14)
FN:18,(anonymous_15)
FN:27,(anonymous_17)
FN:29,(anonymous_18)
FN:36,(anonymous_20)
FN:36,(anonymous_21)
FN:47,(anonymous_23)
FN:52,(anonymous_24)
FN:56,(anonymous_25)
FN:60,(anonymous_26)
FN:64,(anonymous_27)
FN:65,(anonymous_28)
FN:85,(anonymous_30)
FN:95,(anonymous_33)
FN:99,(anonymous_36)
FN:107,(anonymous_37)
FNF:16
FNH:16
FNDA:1,(anonymous_14)
FNDA:1,(anonymous_15)
FNDA:1,(anonymous_17)
FNDA:1,(anonymous_18)
FNDA:1,(anonymous_20)
FNDA:1,(anonymous_21)
FNDA:1,(anonymous_23)
FNDA:1,(anonymous_24)
FNDA:1,(anonymous_25)
FNDA:1,(anonymous_26)
FNDA:1,(anonymous_27)
FNDA:1,(anonymous_28)
FNDA:4,(anonymous_30)
FNDA:2,(anonymous_33)
FNDA:1,(anonymous_36)
FNDA:2,(anonymous_37)
DA:1,1
DA:2,1
DA:7,1
DA:9,1
DA:11,1
DA:17,1
DA:18,1
DA:20,1
DA:23,1
DA:24,1
DA:27,1
DA:29,1
DA:31,1
DA:32,1
DA:33,1
DA:36,1
DA:37,1
DA:42,1
DA:43,1
DA:44,1
DA:47,1
DA:48,1
DA:49,1
DA:52,1
DA:53,1
DA:56,1
DA:57,1
DA:60,1
DA:61,1
DA:64,1
DA:65,1
DA:67,1
DA:68,1
DA:76,1
DA:77,1
DA:82,1
DA:85,3
DA:86,2
DA:87,2
DA:92,2
DA:95,2
DA:98,1
DA:99,1
DA:100,1
DA:107,2
DA:108,1
DA:109,1
DA:117,1
LF:48
LH:48
BRDA:20,0,0,1
BRDA:37,1,0,1
BRDA:98,2,0,1
BRF:3
BRH:3
end_of_record
TN:
SF:src/utils/AuthTokenUtils.tsx
FN:1,(anonymous_0)
FNF:1
FNH:1
FNDA:1,(anonymous_0)
DA:1,1
DA:2,1
DA:3,1
DA:4,1
LF:4
LH:4
BRF:0
BRH:0
end_of_record
TN:
SF:src/utils/AwardUtils.tsx
FN:11,(anonymous_14)
FN:27,(anonymous_17)
FN:29,(anonymous_18)
FN:48,(anonymous_20)
FNF:4
FNH:4
FNDA:2,(anonymous_14)
FNDA:1,(anonymous_17)
FNDA:1,(anonymous_18)
FNDA:4,(anonymous_20)
DA:1,1
DA:2,1
DA:3,1
DA:4,1
DA:11,2
DA:12,1
DA:23,1
DA:27,1
DA:29,1
DA:31,1
DA:45,1
DA:48,1
DA:49,4
DA:51,1
DA:53,1
DA:55,1
DA:57,1
LF:17
LH:17
BRDA:12,0,0,1
BRDA:31,1,0,1
BRDA:49,2,0,1
BRDA:49,2,1,1
BRDA:49,2,2,1
BRDA:49,2,3,1
BRF:6
BRH:6
end_of_record
TN:
SF:src/utils/BaseUrlUtils.tsx
FN:1,(anonymous_0)
FNF:1
FNH:1
FNDA:21,(anonymous_0)
DA:1,5
DA:3,21
DA:7,21
DA:10,5
LF:4
LH:4
BRDA:3,0,0,0
BRDA:3,0,1,21
BRF:2
BRH:1
end_of_record
TN:
SF:src/utils/CustomWordUtils.tsx
FN:6,(anonymous_14)
FN:16,(anonymous_17)
FN:29,(anonymous_18)
FN:30,(anonymous_19)
FN:41,(anonymous_21)
FN:46,(anonymous_22)
FN:56,(anonymous_25)
FN:64,(anonymous_26)
FN:68,(anonymous_27)
FN:69,(anonymous_28)
FN:81,(anonymous_30)
FN:89,(anonymous_31)
FN:91,(anonymous_32)
FNF:13
FNH:13
FNDA:2,(anonymous_14)
FNDA:2,(anonymous_17)
FNDA:1,(anonymous_18)
FNDA:1,(anonymous_19)
FNDA:1,(anonymous_21)
FNDA:2,(anonymous_22)
FNDA:1,(anonymous_25)
FNDA:3,(anonymous_26)
FNDA:1,(anonymous_27)
FNDA:1,(anonymous_28)
FNDA:1,(anonymous_30)
FNDA:1,(anonymous_31)
FNDA:1,(anonymous_32)
DA:1,1
DA:2,1
DA:6,2
DA:7,1
DA:16,1
DA:17,2
DA:29,1
DA:30,1
DA:32,1
DA:41,1
DA:42,1
DA:46,2
DA:47,1
DA:56,1
DA:57,1
DA:64,1
DA:65,3
DA:68,1
DA:69,1
DA:71,1
DA:72,1
DA:81,1
DA:82,1
DA:89,1
DA:91,1
DA:93,1
DA:94,1
DA:95,1
DA:104,1
LF:29
LH:29
BRDA:7,0,0,1
BRDA:17,1,0,1
BRDA:17,1,1,1
BRDA:32,2,0,1
BRDA:47,3,0,1
BRF:5
BRH:5
end_of_record
TN:
SF:src/utils/LocalStorageUtils.tsx
FN:1,(anonymous_0)
FN:6,(anonymous_1)
FNF:2
FNH:2
FNDA:1,(anonymous_0)
FNDA:1,(anonymous_1)
DA:1,1
DA:2,1
DA:3,1
DA:6,1
DA:7,1
DA:8,0
LF:6
LH:5
BRDA:8,0,0,0
BRDA:8,0,1,0
BRF:2
BRH:0
end_of_record
TN:
SF:src/utils/LoginValidationUtils.tsx
FN:6,(anonymous_0)
FN:19,(anonymous_1)
FNF:2
FNH:1
FNDA:4,(anonymous_0)
FNDA:0,(anonymous_1)
DA:1,1
DA:3,1
DA:4,1
DA:6,1
DA:7,4
DA:8,4
DA:9,2
DA:12,2
DA:13,1
DA:16,1
DA:19,1
DA:20,0
LF:12
LH:11
BRDA:8,0,0,2
BRDA:8,1,0,4
BRDA:8,1,1,3
BRDA:12,2,0,1
BRF:4
BRH:4
end_of_record
TN:
SF:src/utils/MessageUtils.tsx
FN:12,(anonymous_14)
FN:26,(anonymous_17)
FN:30,(anonymous_20)
FN:38,(anonymous_21)
FN:42,(anonymous_24)
FN:47,(anonymous_25)
FN:48,(anonymous_26)
FN:57,(anonymous_28)
FN:71,(anonymous_31)
FN:71,(anonymous_32)
FN:79,(anonymous_34)
FN:80,(anonymous_35)
FNF:12
FNH:12
FNDA:2,(anonymous_14)
FNDA:2,(anonymous_17)
FNDA:1,(anonymous_20)
FNDA:2,(anonymous_21)
FNDA:1,(anonymous_24)
FNDA:1,(anonymous_25)
FNDA:1,(anonymous_26)
FNDA:2,(anonymous_28)
FNDA:1,(anonymous_31)
FNDA:1,(anonymous_32)
FNDA:1,(anonymous_34)
FNDA:1,(anonymous_35)
DA:1,1
DA:2,1
DA:4,1
DA:6,1
DA:7,1
DA:12,2
DA:13,1
DA:23,1
DA:26,2
DA:29,1
DA:30,1
DA:31,1
DA:38,2
DA:41,1
DA:42,1
DA:43,1
DA:47,1
DA:48,1
DA:50,1
DA:57,2
DA:58,1
DA:59,1
DA:68,1
DA:71,1
DA:72,2
DA:79,1
DA:80,1
DA:82,1
DA:91,1
LF:29
LH:29
BRDA:13,0,0,1
BRDA:29,1,0,1
BRDA:41,2,0,1
BRDA:50,3,0,1
BRDA:50,3,1,1
BRDA:72,4,0,1
BRDA:82,5,0,1
BRF:7
BRH:7
end_of_record
